{"E:\\Tech Stack\\Namaste-React\\src\\components\\Contact.jsx": {"path":"E:\\Tech Stack\\Namaste-React\\src\\components\\Contact.jsx","statementMap":{"0":{"start":{"line":1,"column":16},"end":{"line":30,"column":1}},"1":{"start":{"line":2,"column":2},"end":{"line":29,"column":4}}},"fnMap":{"0":{"name":"(anonymous_0)","decl":{"start":{"line":1,"column":16},"end":{"line":1,"column":17}},"loc":{"start":{"line":1,"column":22},"end":{"line":30,"column":1}},"line":1}},"branchMap":{},"s":{"0":1,"1":2},"f":{"0":2},"b":{},"_coverageSchema":"1a1c01bbd47fc00a2c39e90264f33305004495a9","hash":"8b205965b6d0ca87fab54284c97e553dd8cba305"}
}
